<?xml version="1.0" encoding="UTF-8"?>
<!-- Generated by org.testng.reporters.JUnitReportReporter -->
<testsuite hostname="AmbidextrousDen" name="test.NewTest" tests="2" failures="0" timestamp="2 Jul 2019 05:52:52 GMT" time="4.083" errors="0">
  <testcase name="f" time="4.071" classname="test.NewTest"/>
  <testcase name="g" time="0.012" classname="test.NewTest"/>
</testsuite> <!-- test.NewTest -->
