<?xml version="1.0" encoding="UTF-8"?>
<!-- Generated by org.testng.reporters.JUnitReportReporter -->
<testsuite hostname="AmbidextrousDen" name="test.NewTest1" tests="1" failures="0" timestamp="2 Jul 2019 05:50:37 GMT" time="6.157" errors="0">
  <testcase name="f" time="6.157" classname="test.NewTest1"/>
</testsuite> <!-- test.NewTest1 -->
