<?xml version="1.0" encoding="UTF-8"?>
<!-- Generated by org.testng.reporters.JUnitReportReporter -->
<testsuite hostname="AmbidextrousDen" name="test.Dbtest" tests="1" failures="0" timestamp="19 Jul 2019 05:52:04 GMT" time="0.374" errors="0">
  <testcase name="f" time="0.374" classname="test.Dbtest"/>
</testsuite> <!-- test.Dbtest -->
