<?xml version="1.0" encoding="UTF-8"?>
<!-- Generated by org.testng.reporters.JUnitReportReporter -->
<testsuite hostname="AmbidextrousDen" name="apiTest.JiraIssueCreate" tests="2" failures="0" timestamp="30 Jul 2019 16:09:29 GMT" time="4.003" errors="0">
  <testcase name="JiraAPICreateIssue" time="3.585" classname="apiTest.JiraIssueCreate"/>
  <testcase name="JiraAPIAttachScreenshot" time="0.418" classname="apiTest.JiraIssueCreate"/>
</testsuite> <!-- apiTest.JiraIssueCreate -->
