<?xml version="1.0" encoding="UTF-8"?>
<!-- Generated by org.testng.reporters.JUnitReportReporter -->
<testsuite hostname="AmbidextrousDen" name="test.NewTest3" tests="2" failures="0" timestamp="2 Jul 2019 06:34:25 GMT" time="5.908" errors="0">
  <testcase name="g" time="0.000" classname="test.NewTest3"/>
  <testcase name="f" time="5.908" classname="test.NewTest3"/>
</testsuite> <!-- test.NewTest3 -->
