<?xml version="1.0" encoding="UTF-8"?>
<!-- Generated by org.testng.reporters.JUnitReportReporter -->
<testsuite hostname="AmbidextrousDen" name="uiTest.HrmAddemployeeTest" tests="2" failures="1" timestamp="31 Jul 2019 08:41:46 GMT" time="52.493" errors="0">
  <testcase name="orangehrm" time="20.142" classname="uiTest.HrmAddemployeeTest"/>
  <testcase name="orangehrm" time="32.351" classname="uiTest.HrmAddemployeeTest"/>
</testsuite> <!-- uiTest.HrmAddemployeeTest -->
