<?xml version="1.0" encoding="UTF-8"?>
<!-- Generated by org.testng.reporters.JUnitReportReporter -->
<testsuite hostname="AmbidextrousDen" name="apiTest.GetTestAPI" tests="1" failures="0" timestamp="31 Jul 2019 08:41:46 GMT" time="1.946" errors="0">
  <testcase name="getPlaceAPI" time="1.946" classname="apiTest.GetTestAPI"/>
</testsuite> <!-- apiTest.GetTestAPI -->
