<?xml version="1.0" encoding="UTF-8"?>
<!-- Generated by org.testng.reporters.JUnitReportReporter -->
<testsuite hostname="AmbidextrousDen" name="dbTest.Dbtest" tests="1" failures="0" timestamp="7 Aug 2019 09:35:29 GMT" time="0.473" errors="0">
  <testcase name="f" time="0.473" classname="dbTest.Dbtest"/>
</testsuite> <!-- dbTest.Dbtest -->
