<?xml version="1.0" encoding="UTF-8"?>
<!-- Generated by org.testng.reporters.JUnitReportReporter -->
<testsuite hostname="AmbidextrousDen" name="test.HrmAddemployeeTest" tests="1" failures="0" timestamp="18 Jul 2019 02:11:53 GMT" time="20.104" errors="0">
  <testcase name="orangehrm" time="20.104" classname="test.HrmAddemployeeTest"/>
</testsuite> <!-- test.HrmAddemployeeTest -->
