<?xml version="1.0" encoding="UTF-8"?>
<!-- Generated by org.testng.reporters.JUnitReportReporter -->
<testsuite hostname="WINPOC2020" name="uiTest.HrmAddemployeeTest" tests="1" failures="0" timestamp="10 Aug 2020 11:35:24 GMT" time="30.341" errors="0">
  <testcase name="orangehrm" time="30.341" classname="uiTest.HrmAddemployeeTest"/>
</testsuite> <!-- uiTest.HrmAddemployeeTest -->
