<?xml version="1.0" encoding="UTF-8"?>
<!-- Generated by org.testng.reporters.JUnitReportReporter -->
<testsuite hostname="WINPOC2020" name="uiTest.NewTest" tests="2" failures="0" timestamp="10 Aug 2020 11:40:11 GMT" time="7.354" errors="0">
  <testcase name="g" time="0.038" classname="uiTest.NewTest"/>
  <testcase name="f" time="7.316" classname="uiTest.NewTest"/>
</testsuite> <!-- uiTest.NewTest -->
