<?xml version="1.0" encoding="UTF-8"?>
<!-- Generated by org.testng.reporters.JUnitReportReporter -->
<testsuite hostname="WINPOC2020" name="uiTest.WebAppTest" tests="1" failures="0" timestamp="10 Aug 2020 11:57:55 GMT" time="16.469" errors="0">
  <testcase name="orangehrm" time="16.469" classname="uiTest.WebAppTest"/>
</testsuite> <!-- uiTest.WebAppTest -->
