<?xml version="1.0" encoding="UTF-8"?>
<!-- Generated by org.testng.reporters.JUnitReportReporter -->
<testsuite hostname="AmbidextrousDen" name="apiTest.GetTestAPI" tests="1" failures="0" timestamp="30 Jul 2019 06:13:27 GMT" time="2.886" errors="0">
  <testcase name="getPlaceAPI" time="2.886" classname="apiTest.GetTestAPI"/>
</testsuite> <!-- apiTest.GetTestAPI -->
