<?xml version="1.0" encoding="UTF-8"?>
<!-- Generated by org.testng.reporters.JUnitReportReporter -->
<testsuite hostname="AmbidextrousDen" name="dbTest.Dbtest" tests="1" failures="0" timestamp="30 Jul 2019 06:13:27 GMT" time="10.563" errors="0">
  <testcase name="f" time="10.563" classname="dbTest.Dbtest"/>
</testsuite> <!-- dbTest.Dbtest -->
