<?xml version="1.0" encoding="UTF-8"?>
<!-- Generated by org.testng.reporters.JUnitReportReporter -->
<testsuite hostname="AmbidextrousDen" name="apiTest.JiraIssueCreate" tests="1" failures="0" timestamp="30 Jul 2019 06:13:27 GMT" time="0.469" errors="0">
  <testcase name="JiraAPICreateIssue" time="0.469" classname="apiTest.JiraIssueCreate"/>
</testsuite> <!-- apiTest.JiraIssueCreate -->
